<?xml version="1.0" encoding="UTF-8"?>
<coverage generated="1686711791493" clover="3.2.0">
  <project timestamp="1686711791493" name="All files">
    <metrics statements="15" coveredstatements="15" conditionals="19" coveredconditionals="19" methods="2" coveredmethods="2" elements="36" coveredelements="36" complexity="0" loc="15" ncloc="15" packages="1" files="1" classes="1"/>
    <file name="triangle.js" path="/Users/matthewlui/Documents/LaunchSchool/Challenges/triangle.js">
      <metrics statements="15" coveredstatements="15" conditionals="19" coveredconditionals="19" methods="2" coveredmethods="2"/>
      <line num="3" count="17" type="stmt"/>
      <line num="4" count="17" type="stmt"/>
      <line num="5" count="17" type="stmt"/>
      <line num="7" count="17" type="cond" truecount="5" falsecount="0"/>
      <line num="8" count="2" type="stmt"/>
      <line num="11" count="15" type="cond" truecount="5" falsecount="0"/>
      <line num="14" count="4" type="stmt"/>
      <line num="19" count="11" type="cond" truecount="4" falsecount="0"/>
      <line num="20" count="3" type="stmt"/>
      <line num="21" count="8" type="cond" truecount="5" falsecount="0"/>
      <line num="24" count="4" type="stmt"/>
      <line num="26" count="4" type="stmt"/>
      <line num="31" count="1" type="stmt"/>
      <line num="32" count="1" type="stmt"/>
      <line num="34" count="1" type="stmt"/>
    </file>
  </project>
</coverage>
