{"/Users/matthewlui/Documents/LaunchSchool/Challenges/triangle.js": {"path":"/Users/matthewlui/Documents/LaunchSchool/Challenges/triangle.js","statementMap":{"0":{"start":{"line":3,"column":4},"end":{"line":3,"column":23}},"1":{"start":{"line":4,"column":4},"end":{"line":4,"column":23}},"2":{"start":{"line":5,"column":4},"end":{"line":5,"column":23}},"3":{"start":{"line":7,"column":4},"end":{"line":9,"column":5}},"4":{"start":{"line":8,"column":6},"end":{"line":8,"column":61}},"5":{"start":{"line":11,"column":4},"end":{"line":15,"column":5}},"6":{"start":{"line":14,"column":6},"end":{"line":14,"column":46}},"7":{"start":{"line":19,"column":4},"end":{"line":27,"column":5}},"8":{"start":{"line":20,"column":6},"end":{"line":20,"column":27}},"9":{"start":{"line":21,"column":11},"end":{"line":27,"column":5}},"10":{"start":{"line":24,"column":6},"end":{"line":24,"column":25}},"11":{"start":{"line":26,"column":6},"end":{"line":26,"column":23}},"12":{"start":{"line":31,"column":15},"end":{"line":31,"column":36}},"13":{"start":{"line":32,"column":0},"end":{"line":32,"column":29}},"14":{"start":{"line":34,"column":0},"end":{"line":34,"column":26}}},"fnMap":{"0":{"name":"(anonymous_0)","decl":{"start":{"line":2,"column":2},"end":{"line":2,"column":3}},"loc":{"start":{"line":2,"column":36},"end":{"line":16,"column":3}},"line":2},"1":{"name":"(anonymous_1)","decl":{"start":{"line":18,"column":2},"end":{"line":18,"column":3}},"loc":{"start":{"line":18,"column":9},"end":{"line":28,"column":3}},"line":18}},"branchMap":{"0":{"loc":{"start":{"line":7,"column":4},"end":{"line":9,"column":5}},"type":"if","locations":[{"start":{"line":7,"column":4},"end":{"line":9,"column":5}},{"start":{},"end":{}}],"line":7},"1":{"loc":{"start":{"line":7,"column":8},"end":{"line":7,"column":46}},"type":"binary-expr","locations":[{"start":{"line":7,"column":8},"end":{"line":7,"column":18}},{"start":{"line":7,"column":22},"end":{"line":7,"column":32}},{"start":{"line":7,"column":36},"end":{"line":7,"column":46}}],"line":7},"2":{"loc":{"start":{"line":11,"column":4},"end":{"line":15,"column":5}},"type":"if","locations":[{"start":{"line":11,"column":4},"end":{"line":15,"column":5}},{"start":{},"end":{}}],"line":11},"3":{"loc":{"start":{"line":11,"column":8},"end":{"line":13,"column":30}},"type":"binary-expr","locations":[{"start":{"line":11,"column":8},"end":{"line":11,"column":30}},{"start":{"line":12,"column":8},"end":{"line":12,"column":30}},{"start":{"line":13,"column":8},"end":{"line":13,"column":30}}],"line":11},"4":{"loc":{"start":{"line":19,"column":4},"end":{"line":27,"column":5}},"type":"if","locations":[{"start":{"line":19,"column":4},"end":{"line":27,"column":5}},{"start":{"line":21,"column":11},"end":{"line":27,"column":5}}],"line":19},"5":{"loc":{"start":{"line":19,"column":8},"end":{"line":19,"column":62}},"type":"binary-expr","locations":[{"start":{"line":19,"column":8},"end":{"line":19,"column":33}},{"start":{"line":19,"column":37},"end":{"line":19,"column":62}}],"line":19},"6":{"loc":{"start":{"line":21,"column":11},"end":{"line":27,"column":5}},"type":"if","locations":[{"start":{"line":21,"column":11},"end":{"line":27,"column":5}},{"start":{"line":25,"column":11},"end":{"line":27,"column":5}}],"line":21},"7":{"loc":{"start":{"line":21,"column":15},"end":{"line":23,"column":39}},"type":"binary-expr","locations":[{"start":{"line":21,"column":15},"end":{"line":21,"column":40}},{"start":{"line":22,"column":14},"end":{"line":22,"column":39}},{"start":{"line":23,"column":14},"end":{"line":23,"column":39}}],"line":21}},"s":{"0":17,"1":17,"2":17,"3":17,"4":2,"5":15,"6":4,"7":11,"8":3,"9":8,"10":4,"11":4,"12":1,"13":1,"14":1},"f":{"0":17,"1":11},"b":{"0":[2,15],"1":[17,16,16],"2":[4,11],"3":[15,13,11],"4":[3,8],"5":[11,5],"6":[4,4],"7":[8,6,5]},"_coverageSchema":"1a1c01bbd47fc00a2c39e90264f33305004495a9","hash":"1516c72bc0631e9810ffd6b7d823665f469f0a54"}
}
