TN:
SF:triangle.js
FN:2,(anonymous_0)
FN:18,(anonymous_1)
FNF:2
FNH:2
FNDA:17,(anonymous_0)
FNDA:11,(anonymous_1)
DA:3,17
DA:4,17
DA:5,17
DA:7,17
DA:8,2
DA:11,15
DA:14,4
DA:19,11
DA:20,3
DA:21,8
DA:24,4
DA:26,4
DA:31,1
DA:32,1
DA:34,1
LF:15
LH:15
BRDA:7,0,0,2
BRDA:7,0,1,15
BRDA:7,1,0,17
BRDA:7,1,1,16
BRDA:7,1,2,16
BRDA:11,2,0,4
BRDA:11,2,1,11
BRDA:11,3,0,15
BRDA:11,3,1,13
BRDA:11,3,2,11
BRDA:19,4,0,3
BRDA:19,4,1,8
BRDA:19,5,0,11
BRDA:19,5,1,5
BRDA:21,6,0,4
BRDA:21,6,1,4
BRDA:21,7,0,8
BRDA:21,7,1,6
BRDA:21,7,2,5
BRF:19
BRH:19
end_of_record
